<?xml version="1.0" encoding="UTF-8"?>
<!-- Generated by org.testng.reporters.JUnitReportReporter -->
<testsuite ignored="0" hostname="lshafi-lt" failures="0" tests="1" name="runner.TestRunner" time="14.239" errors="0" timestamp="11 Apr 2022 15:13:24 GMT" skipped="0">
  <testcase classname="runner.TestRunner" name="runScenario" time="14.239"/>
</testsuite> <!-- runner.TestRunner -->
